TN:
SF:registry.js
FN:5,initRegistry
FN:6,$
FN:24,setStatus
FN:30,openModal
FN:44,closeModal
FNF:5
FNH:5
FNDA:17,initRegistry
FNDA:123,$
FNDA:16,setStatus
FNDA:9,openModal
FNDA:6,closeModal
DA:1,1
DA:2,1
DA:3,1
DA:4,1
DA:5,1
DA:6,17
DA:7,123
DA:8,123
DA:10,17
DA:11,17
DA:13,15
DA:14,15
DA:15,17
DA:16,17
DA:18,17
DA:19,17
DA:20,17
DA:22,17
DA:24,17
DA:25,16
DA:26,16
DA:27,16
DA:28,16
DA:30,17
DA:31,9
DA:32,2
DA:33,2
DA:34,2
DA:35,2
DA:36,7
DA:37,7
DA:38,7
DA:39,7
DA:40,7
DA:41,7
DA:42,9
DA:44,17
DA:45,6
DA:46,6
DA:47,6
DA:48,6
DA:49,6
DA:50,6
DA:52,17
DA:53,3
DA:54,3
DA:55,3
DA:56,17
DA:58,17
DA:60,17
DA:61,21
DA:62,21
DA:63,3
DA:64,17
DA:66,17
DA:67,14
DA:69,14
DA:70,1
DA:71,1
DA:72,1
DA:74,14
DA:75,14
DA:76,14
DA:77,1
DA:78,1
DA:79,1
DA:81,12
DA:82,12
DA:83,12
DA:84,12
DA:85,12
DA:87,12
DA:88,12
DA:89,12
DA:90,12
DA:91,12
DA:92,12
DA:94,11
DA:95,14
DA:96,2
DA:97,2
DA:99,9
DA:100,14
DA:101,14
DA:103,14
DA:104,14
DA:105,14
DA:106,3
DA:107,14
DA:108,12
DA:109,12
DA:110,12
DA:111,12
DA:112,12
DA:113,17
DA:114,17
DA:116,1
DA:117,1
DA:118,1
LF:99
LH:99
BRDA:5,0,0,17
BRDA:11,1,0,2
BRDA:11,2,0,15
BRDA:15,3,0,1
BRDA:52,4,0,13
BRDA:58,5,0,13
BRDA:6,6,0,123
BRDA:24,7,0,16
BRDA:25,8,0,1
BRDA:25,9,0,15
BRDA:26,10,0,11
BRDA:30,11,0,9
BRDA:31,12,0,7
BRDA:31,13,0,7
BRDA:31,14,0,2
BRDA:35,15,0,7
BRDA:44,16,0,6
BRDA:45,17,0,0
BRDA:52,18,0,3
BRDA:54,19,0,0
BRDA:55,20,0,1
BRDA:60,21,0,21
BRDA:61,22,0,0
BRDA:62,23,0,19
BRDA:62,24,0,18
BRDA:62,25,0,3
BRDA:66,26,0,14
BRDA:69,27,0,1
BRDA:72,28,0,13
BRDA:74,29,0,0
BRDA:75,30,0,13
BRDA:75,31,0,0
BRDA:76,32,0,12
BRDA:76,33,0,1
BRDA:79,34,0,12
BRDA:92,35,0,11
BRDA:95,36,0,10
BRDA:95,37,0,10
BRDA:95,38,0,2
BRDA:96,39,0,1
BRDA:97,40,0,9
BRDA:100,41,0,1
BRDA:101,42,0,8
BRDA:105,43,0,3
BRDA:106,44,0,0
BRDA:107,45,0,12
BRF:46
BRH:40
end_of_record
